行 244: 控件 cmdSell 的类 RTComctl3.CoolButton 不是一个已加载的控件类。
行 364: 控件 flblSellDate 的类 RTComctl3.FlatLabel 不是一个已加载的控件类。
行 385: 控件 flblLimitedTime 的类 RTComctl3.FlatLabel 不是一个已加载的控件类。
行 435: 控件 flblLimitedCount 的类 RTComctl3.FlatLabel 不是一个已加载的控件类。
行 250: 属性名 _ExtentX 在 cmdSell 中是无效的。
行 251: 属性名 _ExtentY 在 cmdSell 中是无效的。
行 252: 属性名 BTYPE 在 cmdSell 中是无效的。
行 253: 属性名 TX 在 cmdSell 中是无效的。
行 254: 属性名 ENAB 在 cmdSell 中是无效的。
行 264: 属性名 COLTYPE 在 cmdSell 中是无效的。
行 265: 属性名 FOCUSR 在 cmdSell 中是无效的。
行 266: 属性名 BCOL 在 cmdSell 中是无效的。
行 267: 属性名 BCOLO 在 cmdSell 中是无效的。
行 268: 属性名 FCOL 在 cmdSell 中是无效的。
行 269: 属性名 FCOLO 在 cmdSell 中是无效的。
行 270: 属性名 MCOL 在 cmdSell 中是无效的。
行 271: 属性名 MPTR 在 cmdSell 中是无效的。
行 272: 属性名 MICON 在 cmdSell 中是无效的。
行 273: 属性名 UMCOL 在 cmdSell 中是无效的。
行 274: 属性名 SOFT 在 cmdSell 中是无效的。
行 275: 属性名 PICPOS 在 cmdSell 中是无效的。
行 276: 属性名 NGREY 在 cmdSell 中是无效的。
行 277: 属性名 FX 在 cmdSell 中是无效的。
行 278: 属性名 HAND 在 cmdSell 中是无效的。
行 279: 属性名 CHECK 在 cmdSell 中是无效的。
行 280: 属性名 VALUE 在 cmdSell 中是无效的。
行 370: 属性名 _ExtentX 在 flblSellDate 中是无效的。
行 371: 属性名 _ExtentY 在 flblSellDate 中是无效的。
行 382: 属性名 OutnerStyle 在 flblSellDate 中是无效的。
行 383: 属性名 Caption 在 flblSellDate 中是无效的。
行 392: 属性名 _ExtentX 在 flblLimitedTime 中是无效的。
行 393: 属性名 _ExtentY 在 flblLimitedTime 中是无效的。
行 404: 属性名 OutnerStyle 在 flblLimitedTime 中是无效的。
行 405: 属性名 Caption 在 flblLimitedTime 中是无效的。
行 442: 属性名 _ExtentX 在 flblLimitedCount 中是无效的。
行 443: 属性名 _ExtentY 在 flblLimitedCount 中是无效的。
行 454: 属性名 OutnerStyle 在 flblLimitedCount 中是无效的。
行 455: 属性名 NormTextColor 在 flblLimitedCount 中是无效的。
行 456: 属性名 Caption 在 flblLimitedCount 中是无效的。
